2026-02-17 16:31:10,241 - __main__ - INFO - Icon found: C:\Users\grayg\PycharmProjects\webdav_man_ref\icons\app.ico
2026-02-17 16:31:22,871 - ui.login_dialog - INFO - Login successful
2026-02-17 16:31:22,878 - core.client - INFO - WebDAVClient initialized with cache_ttl=300, cache_size=100
2026-02-17 16:31:22,880 - main - INFO - Icon found: C:\Users\grayg\PycharmProjects\webdav_man_ref\icons\app.ico
2026-02-17 16:31:22,884 - main - INFO - Icon found: C:\Users\grayg\PycharmProjects\webdav_man_ref\icons\back.png
2026-02-17 16:31:22,885 - main - INFO - Icon found: C:\Users\grayg\PycharmProjects\webdav_man_ref\icons\forward.png
2026-02-17 16:31:22,887 - main - INFO - Icon found: C:\Users\grayg\PycharmProjects\webdav_man_ref\icons\up.png
2026-02-17 16:31:22,889 - main - INFO - Icon found: C:\Users\grayg\PycharmProjects\webdav_man_ref\icons\home.png
2026-02-17 16:31:22,891 - main - INFO - Icon found: C:\Users\grayg\PycharmProjects\webdav_man_ref\icons\refresh.png
2026-02-17 16:31:22,893 - main - WARNING - Icon not found: lock.png
2026-02-17 16:31:22,911 - core.client - INFO - Account set: Рабочий with timeout=30s
2026-02-17 16:31:23,580 - services.cloud_info - INFO - Quota: used=4097961271, available=4491973321, total=8589934592
2026-02-17 16:31:23,620 - ui.file_browser - INFO - Loading directory: / (force=True)
2026-02-17 16:31:23,621 - core.client - INFO - Executing list (attempt 1/3)
2026-02-17 16:31:23,689 - core.key_manager - INFO - KeyManager initialized with config dir: C:\Users\grayg\.webdav_manager
2026-02-17 16:31:24,232 - core.client - INFO - Received 16 items from /
2026-02-17 16:31:24,232 - ui.main_window - INFO - Directory loaded: /
2026-02-17 16:31:26,798 - core.encryption - INFO - Encryptor initialized with key: default (ID: 0dc993ab)
2026-02-17 16:31:26,803 - services.secure_transfer - INFO - Secure transfer service initialized with temp dir: C:\Users\grayg\AppData\Local\Temp\webdav_secure_hqta1th4
2026-02-17 16:31:26,803 - services.secure_transfer - INFO - Active key: default (ID: 0dc993ab)
2026-02-17 16:31:35,548 - ui.file_browser - INFO - Loading directory: /Архив (force=False)
2026-02-17 16:31:35,548 - core.client - INFO - Executing list (attempt 1/3)
2026-02-17 16:31:53,925 - services.secure_transfer - INFO - Temporary directory cleaned up: C:\Users\grayg\AppData\Local\Temp\webdav_secure_hqta1th4
2026-02-17 16:31:55,931 - core.client - INFO - All operations cancelled
2026-02-17 16:35:46,084 - __main__ - INFO - Icon found: C:\Users\grayg\PycharmProjects\webdav_man_ref\icons\app.ico
2026-02-17 16:35:54,086 - ui.login_dialog - INFO - Login successful
2026-02-17 16:35:54,092 - core.client - INFO - WebDAVClient initialized with cache_ttl=300, cache_size=100
2026-02-17 16:35:54,093 - main - INFO - Icon found: C:\Users\grayg\PycharmProjects\webdav_man_ref\icons\app.ico
2026-02-17 16:35:54,096 - main - INFO - Icon found: C:\Users\grayg\PycharmProjects\webdav_man_ref\icons\back.png
2026-02-17 16:35:54,098 - main - INFO - Icon found: C:\Users\grayg\PycharmProjects\webdav_man_ref\icons\forward.png
2026-02-17 16:35:54,100 - main - INFO - Icon found: C:\Users\grayg\PycharmProjects\webdav_man_ref\icons\up.png
2026-02-17 16:35:54,101 - main - INFO - Icon found: C:\Users\grayg\PycharmProjects\webdav_man_ref\icons\home.png
2026-02-17 16:35:54,103 - main - INFO - Icon found: C:\Users\grayg\PycharmProjects\webdav_man_ref\icons\refresh.png
2026-02-17 16:35:54,105 - main - WARNING - Icon not found: lock.png
2026-02-17 16:35:54,122 - core.client - INFO - Account set: Рабочий with timeout=30s
2026-02-17 16:35:54,828 - services.cloud_info - INFO - Quota: used=4097961271, available=4491973321, total=8589934592
2026-02-17 16:35:54,867 - ui.file_browser - INFO - Loading directory: / (force=True)
2026-02-17 16:35:54,868 - core.client - INFO - Executing list (attempt 1/3)
2026-02-17 16:35:54,937 - core.key_manager - INFO - KeyManager initialized with config dir: C:\Users\grayg\.webdav_manager
2026-02-17 16:35:57,706 - core.encryption - INFO - Encryptor initialized with key: default (ID: 0dc993ab)
2026-02-17 16:35:57,710 - services.secure_transfer - INFO - Secure transfer service initialized with temp dir: C:\Users\grayg\AppData\Local\Temp\webdav_secure_2i0pcf4p
2026-02-17 16:35:57,710 - services.secure_transfer - INFO - Active key: default (ID: 0dc993ab)
2026-02-17 16:36:25,378 - core.client - WARNING - list attempt 1 failed: HTTPSConnectionPool(host='webdav.cloud.mail.ru', port=443): Read timed out. (read timeout=30)
2026-02-17 16:36:25,378 - core.client - INFO - Waiting 2s before retry...
2026-02-17 16:36:27,379 - core.client - INFO - Executing list (attempt 2/3)
2026-02-17 16:36:28,191 - core.client - INFO - Received 16 items from /
2026-02-17 16:36:28,192 - ui.main_window - INFO - Directory loaded: /
2026-02-17 16:36:28,192 - ui.file_browser - INFO - Loading directory: / (force=True)
2026-02-17 16:36:28,192 - core.client - INFO - Executing list (attempt 1/3)
2026-02-17 16:36:28,298 - core.client - INFO - Received 16 items from /
2026-02-17 16:36:28,299 - ui.file_browser - INFO - Loading directory: / (force=True)
2026-02-17 16:36:28,299 - core.client - INFO - Executing list (attempt 1/3)
2026-02-17 16:36:28,320 - ui.main_window - INFO - Directory loaded: /
2026-02-17 16:36:28,396 - core.client - INFO - Received 16 items from /
2026-02-17 16:36:28,397 - ui.file_browser - INFO - Loading directory: / (force=True)
2026-02-17 16:36:28,397 - core.client - INFO - Executing list (attempt 1/3)
2026-02-17 16:36:28,430 - ui.main_window - INFO - Directory loaded: /
2026-02-17 16:36:28,503 - core.client - INFO - Received 16 items from /
2026-02-17 16:36:28,503 - ui.file_browser - INFO - Loading directory: / (force=True)
2026-02-17 16:36:28,503 - core.client - INFO - Executing list (attempt 1/3)
2026-02-17 16:36:28,523 - ui.main_window - INFO - Directory loaded: /
2026-02-17 16:36:28,650 - core.client - INFO - Received 16 items from /
2026-02-17 16:36:28,651 - ui.main_window - INFO - Directory loaded: /
2026-02-17 16:36:33,702 - ui.file_browser - INFO - Loading directory: /Архив (force=False)
2026-02-17 16:36:33,703 - core.client - INFO - Executing list (attempt 1/3)
2026-02-17 16:36:34,909 - core.client - INFO - Received 21 items from /Архив
2026-02-17 16:36:34,910 - ui.file_browser - INFO - Loading directory: /Архив (force=True)
2026-02-17 16:36:34,910 - core.client - INFO - Executing list (attempt 1/3)
2026-02-17 16:36:34,910 - ui.main_window - INFO - Directory loaded: /Архив
2026-02-17 16:36:35,647 - core.client - INFO - Received 21 items from /Архив
2026-02-17 16:36:35,648 - ui.main_window - INFO - Directory loaded: /Архив
2026-02-17 16:36:36,748 - ui.file_browser - INFO - Loading directory: / (force=False)
2026-02-17 16:36:36,749 - core.client - INFO - Executing list (attempt 1/3)
2026-02-17 16:36:36,849 - core.client - INFO - Received 16 items from /
2026-02-17 16:36:36,849 - ui.file_browser - INFO - Loading directory: / (force=True)
2026-02-17 16:36:36,849 - core.client - INFO - Executing list (attempt 1/3)
2026-02-17 16:36:36,850 - ui.main_window - INFO - Directory loaded: /
2026-02-17 16:36:36,977 - core.client - INFO - Received 16 items from /
2026-02-17 16:36:36,978 - ui.main_window - INFO - Directory loaded: /
2026-02-17 16:36:38,659 - ui.file_browser - INFO - Loading directory: /Олимпиады (force=False)
2026-02-17 16:36:38,659 - core.client - INFO - Executing list (attempt 1/3)
2026-02-17 16:36:39,344 - core.client - INFO - Received 4 items from /Олимпиады
2026-02-17 16:36:39,345 - ui.file_browser - INFO - Loading directory: /Олимпиады (force=True)
2026-02-17 16:36:39,345 - ui.main_window - INFO - Directory loaded: /Олимпиады
2026-02-17 16:36:39,345 - core.client - INFO - Executing list (attempt 1/3)
2026-02-17 16:36:40,136 - core.client - INFO - Received 4 items from /Олимпиады
2026-02-17 16:36:40,136 - ui.main_window - INFO - Directory loaded: /Олимпиады
2026-02-17 16:36:41,410 - ui.file_browser - INFO - Loading directory: / (force=False)
2026-02-17 16:36:41,411 - ui.main_window - INFO - Directory loaded: /
2026-02-17 16:36:41,511 - ui.file_browser - INFO - Loading directory: / (force=True)
2026-02-17 16:36:41,511 - core.client - INFO - Executing list (attempt 1/3)
2026-02-17 16:36:41,723 - core.client - INFO - Received 16 items from /
2026-02-17 16:36:41,723 - ui.main_window - INFO - Directory loaded: /
2026-02-17 16:36:43,378 - ui.file_browser - INFO - Loading directory: /Unity (force=False)
2026-02-17 16:36:43,378 - core.client - INFO - Executing list (attempt 1/3)
2026-02-17 16:36:44,150 - core.client - INFO - Received 21 items from /Unity
2026-02-17 16:36:44,152 - ui.file_browser - INFO - Loading directory: /Unity (force=True)
2026-02-17 16:36:44,152 - ui.main_window - INFO - Directory loaded: /Unity
2026-02-17 16:36:44,152 - core.client - INFO - Executing list (attempt 1/3)
2026-02-17 16:36:44,930 - core.client - INFO - Received 21 items from /Unity
2026-02-17 16:36:44,931 - ui.main_window - INFO - Directory loaded: /Unity
2026-02-17 16:36:46,488 - ui.file_browser - INFO - Loading directory: / (force=False)
2026-02-17 16:36:46,490 - ui.main_window - INFO - Directory loaded: /
2026-02-17 16:36:46,589 - ui.file_browser - INFO - Loading directory: / (force=True)
2026-02-17 16:36:46,589 - core.client - INFO - Executing list (attempt 1/3)
2026-02-17 16:36:46,711 - core.client - INFO - Received 16 items from /
2026-02-17 16:36:46,712 - ui.main_window - INFO - Directory loaded: /
2026-02-17 16:36:49,326 - ui.file_browser - INFO - Loading directory: /Учебники (force=False)
2026-02-17 16:36:49,326 - core.client - INFO - Executing list (attempt 1/3)
2026-02-17 16:36:50,093 - core.client - INFO - Received 33 items from /Учебники
2026-02-17 16:36:50,094 - ui.file_browser - INFO - Loading directory: /Учебники (force=True)
2026-02-17 16:36:50,095 - ui.main_window - INFO - Directory loaded: /Учебники
2026-02-17 16:36:50,095 - core.client - INFO - Executing list (attempt 1/3)
2026-02-17 16:36:50,946 - core.client - INFO - Received 33 items from /Учебники
2026-02-17 16:36:50,949 - ui.main_window - INFO - Directory loaded: /Учебники
2026-02-17 16:36:51,862 - ui.file_browser - INFO - Loading directory: / (force=False)
2026-02-17 16:36:51,863 - ui.main_window - INFO - Directory loaded: /
2026-02-17 16:36:51,962 - ui.file_browser - INFO - Loading directory: / (force=True)
2026-02-17 16:36:51,962 - core.client - INFO - Executing list (attempt 1/3)
2026-02-17 16:36:52,372 - core.client - INFO - Received 16 items from /
2026-02-17 16:36:52,373 - ui.main_window - INFO - Directory loaded: /
2026-02-17 16:36:56,653 - services.secure_transfer - INFO - Temporary directory cleaned up: C:\Users\grayg\AppData\Local\Temp\webdav_secure_2i0pcf4p
2026-02-17 16:36:56,654 - core.client - INFO - All operations cancelled
2026-02-17 19:01:59,256 - __main__ - INFO - Icon found: C:\Users\grayg\PycharmProjects\webdav_man_ref\icons\app.ico
2026-02-17 19:02:13,422 - ui.login_dialog - INFO - Login successful
2026-02-17 19:02:13,428 - core.client - INFO - WebDAVClient initialized with cache_ttl=300, cache_size=100
2026-02-17 19:02:13,430 - main - INFO - Icon found: C:\Users\grayg\PycharmProjects\webdav_man_ref\icons\app.ico
2026-02-17 19:02:13,436 - main - INFO - Icon found: C:\Users\grayg\PycharmProjects\webdav_man_ref\icons\back.png
2026-02-17 19:02:13,444 - main - INFO - Icon found: C:\Users\grayg\PycharmProjects\webdav_man_ref\icons\forward.png
2026-02-17 19:02:13,452 - main - INFO - Icon found: C:\Users\grayg\PycharmProjects\webdav_man_ref\icons\up.png
2026-02-17 19:02:13,460 - main - INFO - Icon found: C:\Users\grayg\PycharmProjects\webdav_man_ref\icons\home.png
2026-02-17 19:02:13,468 - main - INFO - Icon found: C:\Users\grayg\PycharmProjects\webdav_man_ref\icons\refresh.png
2026-02-17 19:02:13,475 - main - WARNING - Icon not found: lock.png
2026-02-17 19:02:13,494 - core.client - INFO - Account set: Рабочий with timeout=30s
2026-02-17 19:02:14,251 - services.cloud_info - INFO - Quota: used=4097961262, available=4491973330, total=8589934592
2026-02-17 19:02:14,291 - ui.file_browser - INFO - Loading directory: / (force=True)
2026-02-17 19:02:14,292 - core.client - INFO - Executing list (attempt 1/3)
2026-02-17 19:02:14,365 - core.key_manager - INFO - KeyManager initialized with config dir: C:\Users\grayg\.webdav_manager
2026-02-17 19:02:15,260 - core.client - INFO - Received 16 items from /
2026-02-17 19:02:15,261 - ui.main_window - INFO - Directory loaded: /
2026-02-17 19:02:17,561 - core.encryption - INFO - Encryptor initialized with key: default (ID: 0dc993ab)
2026-02-17 19:02:17,561 - core.encryption - INFO - System: Windows, Storage type: SSD
2026-02-17 19:02:17,565 - services.secure_transfer - INFO - Secure transfer service initialized with temp dir: C:\Users\grayg\AppData\Local\Temp\webdav_secure_fpnkru2w
2026-02-17 19:02:17,565 - services.secure_transfer - INFO - Active key: default (ID: 0dc993ab)
2026-02-17 19:02:34,805 - services.secure_transfer - INFO - Temporary directory cleaned up: C:\Users\grayg\AppData\Local\Temp\webdav_secure_fpnkru2w
2026-02-17 19:02:34,806 - core.client - INFO - All operations cancelled
