2026-02-19 20:58:39 - __main__ - INFO - Logging initialized. Log file: C:\Users\grayg\PycharmProjects\webdav_man_ref\logs\webdav_manager.log
2026-02-19 20:58:39 - __main__ - INFO - ============================================================
2026-02-19 20:58:39 - __main__ - INFO - Starting WebDAV Manager
2026-02-19 20:58:39 - __main__ - INFO - ============================================================
2026-02-19 20:58:39 - __main__ - INFO - Config directory: C:\Users\grayg\PycharmProjects\webdav_man_ref\config
2026-02-19 20:58:39 - utils.icon_helper - DEBUG - Icon found: C:\Users\grayg\PycharmProjects\webdav_man_ref\icons\app.ico
2026-02-19 20:58:39 - core.config - DEBUG - Config directory: C:\Users\grayg\PycharmProjects\webdav_man_ref\config
2026-02-19 20:58:39 - core.config - DEBUG - Config file: C:\Users\grayg\PycharmProjects\webdav_man_ref\config\settings.json
2026-02-19 20:58:39 - core.config - DEBUG - Accounts file: C:\Users\grayg\PycharmProjects\webdav_man_ref\config\accounts.json
2026-02-19 20:58:39 - core.config - DEBUG - Loaded config from C:\Users\grayg\PycharmProjects\webdav_man_ref\config\settings.json
2026-02-19 20:58:39 - core.config - DEBUG - Accounts file exists: C:\Users\grayg\PycharmProjects\webdav_man_ref\config\accounts.json (size: 1548 bytes)
2026-02-19 20:58:39 - core.config - INFO - Successfully loaded 3 accounts
2026-02-19 20:58:39 - core.config - INFO - Loaded 3 accounts
2026-02-19 20:58:39 - core.config - DEBUG - Account names: ['Рабочий', 'Резервный', 'Яндекс рабочий']
2026-02-19 20:58:39 - core.config - DEBUG - ConfigManager initialized with config dir: C:\Users\grayg\PycharmProjects\webdav_man_ref\config
2026-02-19 20:58:39 - __main__ - INFO - Applied global theme: dark
2026-02-19 20:58:39 - __main__ - INFO - Master key configured: True
2026-02-19 20:58:39 - __main__ - INFO - Showing login dialog
2026-02-19 20:58:47 - ui.login_dialog - INFO - Login successful
2026-02-19 20:58:47 - __main__ - INFO - Login dialog result: 1
2026-02-19 20:58:47 - __main__ - INFO - Login successful
2026-02-19 20:58:47 - __main__ - INFO - Creating main window
2026-02-19 20:58:47 - core.client - INFO - WebDAVClient initialized with cache_ttl=300, cache_size=100
2026-02-19 20:58:47 - utils.icon_helper - DEBUG - Icon found: C:\Users\grayg\PycharmProjects\webdav_man_ref\icons\app.ico
2026-02-19 20:58:47 - utils.icon_helper - DEBUG - Icon found: C:\Users\grayg\PycharmProjects\webdav_man_ref\icons\back.png
2026-02-19 20:58:47 - utils.icon_helper - DEBUG - Icon found: C:\Users\grayg\PycharmProjects\webdav_man_ref\icons\forward.png
2026-02-19 20:58:47 - utils.icon_helper - DEBUG - Icon found: C:\Users\grayg\PycharmProjects\webdav_man_ref\icons\up.png
2026-02-19 20:58:47 - utils.icon_helper - DEBUG - Icon found: C:\Users\grayg\PycharmProjects\webdav_man_ref\icons\home.png
2026-02-19 20:58:47 - utils.icon_helper - DEBUG - Icon found: C:\Users\grayg\PycharmProjects\webdav_man_ref\icons\refresh.png
2026-02-19 20:58:47 - utils.icon_helper - WARNING - Icon not found: lock.png
2026-02-19 20:58:47 - core.config - DEBUG - Loading accounts, current type: <class 'dict'>
2026-02-19 20:58:47 - core.config - DEBUG - Accounts is dict with 3 items
2026-02-19 20:58:47 - core.config - DEBUG - Converted to list with 3 items
2026-02-19 20:58:47 - core.cache - DEBUG - Cache cleared
2026-02-19 20:58:47 - core.client - INFO - Account set: Рабочий with timeout=30s
2026-02-19 20:58:47 - urllib3.connectionpool - DEBUG - Starting new HTTPS connection (1): webdav.cloud.mail.ru:443
2026-02-19 20:58:48 - urllib3.connectionpool - DEBUG - https://webdav.cloud.mail.ru:443 "PROPFIND / HTTP/1.1" 207 356
2026-02-19 20:58:48 - services.cloud_info - INFO - Quota: used=4105295627, available=4484638965, total=8589934592
2026-02-19 20:58:48 - core.cache - DEBUG - Cache cleared
2026-02-19 20:58:48 - core.client - INFO - Account set: Рабочий with timeout=30s
2026-02-19 20:58:48 - services.cloud_info - DEBUG - Using cached quota
2026-02-19 20:58:48 - ui.main_window - DEBUG - Theme applied to file_view: dark
2026-02-19 20:58:48 - __main__ - INFO - Starting event loop
2026-02-19 20:58:48 - ui.file_browser - INFO - Loading directory: / (force=True)
2026-02-19 20:58:48 - core.client - INFO - Executing list (attempt 1/3)
2026-02-19 20:58:48 - webdav3.client - DEBUG - Requesting <function Client.list at 0x000002455E90F600>(('/',), {'get_info': True})
2026-02-19 20:58:48 - urllib3.connectionpool - DEBUG - Starting new HTTPS connection (1): webdav.cloud.mail.ru:443
2026-02-19 20:58:48 - core.config - DEBUG - Configuration saved to C:\Users\grayg\PycharmProjects\webdav_man_ref\config\settings.json
2026-02-19 20:58:48 - core.key_manager - DEBUG - Loaded master key from file
2026-02-19 20:58:48 - core.key_manager - INFO - KeyManager initialized with config dir: C:\Users\grayg\.webdav_manager
2026-02-19 20:58:48 - urllib3.connectionpool - DEBUG - https://webdav.cloud.mail.ru:443 "PROPFIND / HTTP/1.1" 207 6406
2026-02-19 20:58:48 - core.client - INFO - Received 16 items from /
2026-02-19 20:58:48 - ui.file_browser - INFO - Loading directory: / (force=True)
2026-02-19 20:58:48 - ui.main_window - INFO - Directory loaded: /
2026-02-19 20:58:48 - core.client - INFO - Executing list (attempt 1/3)
2026-02-19 20:58:48 - webdav3.client - DEBUG - Requesting <function Client.list at 0x000002455E90F600>(('/',), {'get_info': True})
2026-02-19 20:58:49 - urllib3.connectionpool - DEBUG - https://webdav.cloud.mail.ru:443 "PROPFIND / HTTP/1.1" 207 6406
2026-02-19 20:58:49 - core.client - INFO - Received 16 items from /
2026-02-19 20:58:49 - ui.main_window - INFO - Directory loaded: /
2026-02-19 20:58:50 - core.encryption - INFO - Encryptor initialized with key: default (ID: 0dc993ab)
2026-02-19 20:58:50 - core.encryption - INFO - System: Windows, Storage type: SSD
2026-02-19 20:58:50 - services.secure_transfer - INFO - Secure transfer service initialized with temp dir: C:\Users\grayg\AppData\Local\Temp\webdav_secure__lhr3wfs
2026-02-19 20:58:50 - services.secure_transfer - INFO - Active key: default (ID: 0dc993ab)
2026-02-19 20:58:56 - ui.main_window - INFO - Opening settings dialog
2026-02-19 20:59:04 - core.config - DEBUG - Configuration saved to C:\Users\grayg\PycharmProjects\webdav_man_ref\config\settings.json
2026-02-19 20:59:04 - ui.settings_dialog - INFO - Settings saved successfully
2026-02-19 20:59:04 - core.config - DEBUG - Configuration saved to C:\Users\grayg\PycharmProjects\webdav_man_ref\config\settings.json
2026-02-19 20:59:04 - services.secure_transfer - INFO - Temporary directory cleaned up: C:\Users\grayg\AppData\Local\Temp\webdav_secure__lhr3wfs
2026-02-19 20:59:04 - ui.main_window - INFO - Encryption disabled
2026-02-19 20:59:05 - core.config - DEBUG - Configuration saved to C:\Users\grayg\PycharmProjects\webdav_man_ref\config\settings.json
2026-02-19 20:59:05 - ui.settings_dialog - INFO - Settings saved successfully
2026-02-19 20:59:08 - core.client - INFO - All operations cancelled
2026-02-19 20:59:10 - __main__ - INFO - Application exited with code 0
2026-02-19 20:59:10 - __main__ - INFO - ============================================================
2026-02-20 12:29:42 - __main__ - INFO - Logging initialized. Log file: C:\Users\grayg\PycharmProjects\webdav_man_ref\logs\webdav_manager.log
2026-02-20 12:29:42 - __main__ - INFO - ============================================================
2026-02-20 12:29:42 - __main__ - INFO - Starting WebDAV Manager
2026-02-20 12:29:42 - __main__ - INFO - ============================================================
2026-02-20 12:29:42 - __main__ - INFO - Config directory: C:\Users\grayg\PycharmProjects\webdav_man_ref\config
2026-02-20 12:31:32 - utils.icon_helper - DEBUG - Icon found: C:\Users\grayg\PycharmProjects\webdav_man_ref\icons\app.ico
2026-02-20 12:32:24 - __main__ - INFO - Logging initialized. Log file: C:\Users\grayg\PycharmProjects\webdav_man_ref\logs\webdav_manager.log
2026-02-20 12:32:24 - __main__ - INFO - ============================================================
2026-02-20 12:32:24 - __main__ - INFO - Starting WebDAV Manager
2026-02-20 12:32:24 - __main__ - INFO - ============================================================
2026-02-20 12:32:24 - __main__ - INFO - Config directory: C:\Users\grayg\PycharmProjects\webdav_man_ref\config
2026-02-20 12:32:24 - utils.icon_helper - DEBUG - Icon found: C:\Users\grayg\PycharmProjects\webdav_man_ref\icons\app.ico
2026-02-20 12:32:24 - core.config - DEBUG - Config directory: C:\Users\grayg\PycharmProjects\webdav_man_ref\config
2026-02-20 12:32:24 - core.config - DEBUG - Config file: C:\Users\grayg\PycharmProjects\webdav_man_ref\config\settings.json
2026-02-20 12:32:24 - core.config - DEBUG - Accounts file: C:\Users\grayg\PycharmProjects\webdav_man_ref\config\accounts.json
2026-02-20 12:32:24 - core.config - DEBUG - Loaded config from C:\Users\grayg\PycharmProjects\webdav_man_ref\config\settings.json
2026-02-20 12:32:24 - core.config - DEBUG - Accounts file exists: C:\Users\grayg\PycharmProjects\webdav_man_ref\config\accounts.json (size: 1548 bytes)
2026-02-20 12:32:24 - core.config - INFO - Successfully loaded 3 accounts
2026-02-20 12:32:24 - core.config - INFO - Loaded 3 accounts
2026-02-20 12:32:24 - core.config - DEBUG - Account names: ['Рабочий', 'Резервный', 'Яндекс рабочий']
2026-02-20 12:32:24 - core.config - DEBUG - ConfigManager initialized with config dir: C:\Users\grayg\PycharmProjects\webdav_man_ref\config
2026-02-20 12:32:24 - __main__ - INFO - Applied global theme: dark
2026-02-20 12:32:24 - __main__ - INFO - Master key configured: True
2026-02-20 12:32:24 - __main__ - INFO - Showing login dialog
2026-02-20 12:32:37 - ui.login_dialog - INFO - Login successful
2026-02-20 12:32:37 - __main__ - INFO - Login dialog result: 1
2026-02-20 12:32:37 - __main__ - INFO - Login successful
2026-02-20 12:32:37 - __main__ - INFO - Creating main window
2026-02-20 12:32:37 - core.client - INFO - WebDAVClient initialized with cache_ttl=300, cache_size=100
2026-02-20 12:32:37 - utils.icon_helper - DEBUG - Icon found: C:\Users\grayg\PycharmProjects\webdav_man_ref\icons\app.ico
2026-02-20 12:32:37 - utils.icon_helper - DEBUG - Icon found: C:\Users\grayg\PycharmProjects\webdav_man_ref\icons\back.png
2026-02-20 12:32:37 - utils.icon_helper - DEBUG - Icon found: C:\Users\grayg\PycharmProjects\webdav_man_ref\icons\forward.png
2026-02-20 12:32:37 - utils.icon_helper - DEBUG - Icon found: C:\Users\grayg\PycharmProjects\webdav_man_ref\icons\up.png
2026-02-20 12:32:37 - utils.icon_helper - DEBUG - Icon found: C:\Users\grayg\PycharmProjects\webdav_man_ref\icons\home.png
2026-02-20 12:32:37 - utils.icon_helper - DEBUG - Icon found: C:\Users\grayg\PycharmProjects\webdav_man_ref\icons\refresh.png
2026-02-20 12:32:37 - utils.icon_helper - WARNING - Icon not found: lock.png
2026-02-20 12:32:37 - core.config - DEBUG - Loading accounts, current type: <class 'dict'>
2026-02-20 12:32:37 - core.config - DEBUG - Accounts is dict with 3 items
2026-02-20 12:32:37 - core.config - DEBUG - Converted to list with 3 items
2026-02-20 12:32:37 - core.cache - DEBUG - Cache cleared
2026-02-20 12:32:37 - core.client - INFO - Account set: Рабочий with timeout=30s
2026-02-20 12:32:37 - urllib3.connectionpool - DEBUG - Starting new HTTPS connection (1): webdav.cloud.mail.ru:443
2026-02-20 12:32:38 - urllib3.connectionpool - DEBUG - https://webdav.cloud.mail.ru:443 "PROPFIND / HTTP/1.1" 207 356
2026-02-20 12:32:38 - services.cloud_info - INFO - Quota: used=4105295627, available=4484638965, total=8589934592
2026-02-20 12:32:38 - core.cache - DEBUG - Cache cleared
2026-02-20 12:32:38 - core.client - INFO - Account set: Рабочий with timeout=30s
2026-02-20 12:32:38 - services.cloud_info - DEBUG - Using cached quota
2026-02-20 12:32:38 - ui.main_window - DEBUG - Theme applied to file_view: dark
2026-02-20 12:32:38 - __main__ - INFO - Starting event loop
2026-02-20 12:32:38 - ui.file_browser - INFO - Loading directory: / (force=True)
2026-02-20 12:32:38 - core.client - INFO - Executing list (attempt 1/3)
2026-02-20 12:32:38 - webdav3.client - DEBUG - Requesting <function Client.list at 0x0000028AAFCAF600>(('/',), {'get_info': True})
2026-02-20 12:32:38 - urllib3.connectionpool - DEBUG - Starting new HTTPS connection (1): webdav.cloud.mail.ru:443
2026-02-20 12:32:39 - urllib3.connectionpool - DEBUG - https://webdav.cloud.mail.ru:443 "PROPFIND / HTTP/1.1" 207 6406
2026-02-20 12:32:39 - core.client - INFO - Received 16 items from /
2026-02-20 12:32:39 - ui.file_browser - INFO - Loading directory: / (force=True)
2026-02-20 12:32:39 - ui.main_window - INFO - Directory loaded: /
2026-02-20 12:32:39 - core.client - INFO - Executing list (attempt 1/3)
2026-02-20 12:32:39 - webdav3.client - DEBUG - Requesting <function Client.list at 0x0000028AAFCAF600>(('/',), {'get_info': True})
2026-02-20 12:32:39 - urllib3.connectionpool - DEBUG - https://webdav.cloud.mail.ru:443 "PROPFIND / HTTP/1.1" 207 6406
2026-02-20 12:32:39 - core.client - INFO - Received 16 items from /
2026-02-20 12:32:39 - ui.main_window - INFO - Directory loaded: /
2026-02-20 12:33:51 - core.cache - DEBUG - Cache cleared
2026-02-20 12:33:51 - core.client - INFO - Account set: Резервный with timeout=30s
2026-02-20 12:33:51 - urllib3.connectionpool - DEBUG - Starting new HTTPS connection (1): webdav.cloud.mail.ru:443
2026-02-20 12:33:51 - urllib3.connectionpool - DEBUG - https://webdav.cloud.mail.ru:443 "PROPFIND / HTTP/1.1" 207 355
2026-02-20 12:33:51 - services.cloud_info - INFO - Quota: used=699388840, available=7890545752, total=8589934592
2026-02-20 12:33:51 - ui.file_browser - INFO - Loading directory: / (force=True)
2026-02-20 12:33:51 - core.client - INFO - Executing list (attempt 1/3)
2026-02-20 12:33:51 - webdav3.client - DEBUG - Requesting <function Client.list at 0x0000028AAFCAF600>(('/',), {'get_info': True})
2026-02-20 12:33:51 - urllib3.connectionpool - DEBUG - Starting new HTTPS connection (1): webdav.cloud.mail.ru:443
2026-02-20 12:33:52 - urllib3.connectionpool - DEBUG - https://webdav.cloud.mail.ru:443 "PROPFIND / HTTP/1.1" 207 3957
2026-02-20 12:33:52 - core.client - INFO - Received 7 items from /
2026-02-20 12:33:52 - ui.main_window - INFO - Directory loaded: /
2026-02-20 12:33:56 - core.cache - DEBUG - Cache cleared
2026-02-20 12:33:56 - core.client - INFO - Account set: Яндекс рабочий with timeout=30s
2026-02-20 12:33:56 - urllib3.connectionpool - DEBUG - Starting new HTTPS connection (1): webdav.yandex.ru:443
2026-02-20 12:33:57 - urllib3.connectionpool - DEBUG - https://webdav.yandex.ru:443 "PROPFIND / HTTP/1.1" 207 317
2026-02-20 12:33:57 - services.cloud_info - INFO - Quota: used=342504048, available=10394914192, total=10737418240
2026-02-20 12:33:57 - ui.file_browser - INFO - Loading directory: / (force=True)
2026-02-20 12:33:57 - core.client - INFO - Executing list (attempt 1/3)
2026-02-20 12:33:57 - webdav3.client - DEBUG - Requesting <function Client.list at 0x0000028AAFCAF600>(('/',), {'get_info': True})
2026-02-20 12:33:57 - urllib3.connectionpool - DEBUG - Starting new HTTPS connection (1): webdav.yandex.ru:443
2026-02-20 12:33:58 - urllib3.connectionpool - DEBUG - https://webdav.yandex.ru:443 "PROPFIND / HTTP/1.1" 207 None
2026-02-20 12:33:58 - core.client - INFO - Received 76 items from /
2026-02-20 12:33:58 - ui.main_window - INFO - Directory loaded: /
2026-02-20 12:34:17 - ui.main_window - INFO - Opening accounts dialog
2026-02-20 12:34:17 - ui.accounts_dialog - INFO - Loading accounts...
2026-02-20 12:34:17 - core.config - DEBUG - Loading accounts, current type: <class 'dict'>
2026-02-20 12:34:17 - core.config - DEBUG - Accounts is dict with 3 items
2026-02-20 12:34:17 - core.config - DEBUG - Converted to list with 3 items
2026-02-20 12:34:17 - ui.accounts_dialog - INFO - Loaded 3 accounts
2026-02-20 12:34:42 - core.client - INFO - All operations cancelled
2026-02-20 12:34:44 - __main__ - INFO - Application exited with code 0
2026-02-20 12:34:44 - __main__ - INFO - ============================================================
2026-02-20 12:48:07 - __main__ - INFO - Logging initialized. Log file: C:\Users\grayg\PycharmProjects\webdav_man_ref\logs\webdav_manager.log
2026-02-20 12:48:07 - __main__ - INFO - ============================================================
2026-02-20 12:48:07 - __main__ - INFO - Starting WebDAV Manager
2026-02-20 12:48:07 - __main__ - INFO - ============================================================
2026-02-20 12:48:07 - __main__ - INFO - Config directory: C:\Users\grayg\PycharmProjects\webdav_man_ref\config
2026-02-20 12:48:07 - utils.icon_helper - DEBUG - Icon found: C:\Users\grayg\PycharmProjects\webdav_man_ref\icons\app.ico
2026-02-20 12:48:07 - core.config - DEBUG - Config directory: C:\Users\grayg\PycharmProjects\webdav_man_ref\config
2026-02-20 12:48:07 - core.config - DEBUG - Config file: C:\Users\grayg\PycharmProjects\webdav_man_ref\config\settings.json
2026-02-20 12:48:07 - core.config - DEBUG - Accounts file: C:\Users\grayg\PycharmProjects\webdav_man_ref\config\accounts.json
2026-02-20 12:48:07 - core.config - DEBUG - Loaded config from C:\Users\grayg\PycharmProjects\webdav_man_ref\config\settings.json
2026-02-20 12:48:07 - core.config - DEBUG - Accounts file exists: C:\Users\grayg\PycharmProjects\webdav_man_ref\config\accounts.json (size: 1548 bytes)
2026-02-20 12:48:07 - core.config - INFO - Successfully loaded 3 accounts
2026-02-20 12:48:07 - core.config - INFO - Loaded 3 accounts
2026-02-20 12:48:07 - core.config - DEBUG - Account names: ['Рабочий', 'Резервный', 'Яндекс рабочий']
2026-02-20 12:48:07 - core.config - DEBUG - ConfigManager initialized with config dir: C:\Users\grayg\PycharmProjects\webdav_man_ref\config
2026-02-20 12:48:07 - __main__ - INFO - Applied global theme: dark
2026-02-20 12:48:07 - __main__ - INFO - Master key configured: True
2026-02-20 12:48:07 - __main__ - INFO - Showing login dialog
2026-02-20 12:48:19 - ui.login_dialog - INFO - Login successful
2026-02-20 12:48:19 - __main__ - INFO - Login dialog result: 1
2026-02-20 12:48:19 - __main__ - INFO - Login successful
2026-02-20 12:48:19 - __main__ - INFO - Creating main window
2026-02-20 12:48:19 - core.client - INFO - WebDAVClient initialized with cache_ttl=300, cache_size=100
2026-02-20 12:48:19 - utils.icon_helper - DEBUG - Icon found: C:\Users\grayg\PycharmProjects\webdav_man_ref\icons\app.ico
2026-02-20 12:48:19 - utils.icon_helper - DEBUG - Icon found: C:\Users\grayg\PycharmProjects\webdav_man_ref\icons\back.png
2026-02-20 12:48:19 - utils.icon_helper - DEBUG - Icon found: C:\Users\grayg\PycharmProjects\webdav_man_ref\icons\forward.png
2026-02-20 12:48:19 - utils.icon_helper - DEBUG - Icon found: C:\Users\grayg\PycharmProjects\webdav_man_ref\icons\up.png
2026-02-20 12:48:19 - utils.icon_helper - DEBUG - Icon found: C:\Users\grayg\PycharmProjects\webdav_man_ref\icons\home.png
2026-02-20 12:48:19 - utils.icon_helper - DEBUG - Icon found: C:\Users\grayg\PycharmProjects\webdav_man_ref\icons\refresh.png
2026-02-20 12:48:19 - utils.icon_helper - WARNING - Icon not found: lock.png
2026-02-20 12:48:19 - core.config - DEBUG - Loading accounts, current type: <class 'dict'>
2026-02-20 12:48:19 - core.config - DEBUG - Accounts is dict with 3 items
2026-02-20 12:48:19 - core.config - DEBUG - Converted to list with 3 items
2026-02-20 12:48:19 - core.cache - DEBUG - Cache cleared
2026-02-20 12:48:19 - core.client - INFO - Account set: Рабочий with timeout=30s
2026-02-20 12:48:19 - urllib3.connectionpool - DEBUG - Starting new HTTPS connection (1): webdav.cloud.mail.ru:443
2026-02-20 12:48:20 - urllib3.connectionpool - DEBUG - https://webdav.cloud.mail.ru:443 "PROPFIND / HTTP/1.1" 207 356
2026-02-20 12:48:20 - services.cloud_info - INFO - Quota: used=4105295627, available=4484638965, total=8589934592
2026-02-20 12:48:20 - core.cache - DEBUG - Cache cleared
2026-02-20 12:48:20 - core.client - INFO - Account set: Рабочий with timeout=30s
2026-02-20 12:48:20 - services.cloud_info - DEBUG - Using cached quota
2026-02-20 12:48:20 - ui.main_window - DEBUG - Theme applied to file_view: dark
2026-02-20 12:48:20 - __main__ - INFO - Starting event loop
2026-02-20 12:48:20 - ui.file_browser - INFO - Loading directory: / (force=True)
2026-02-20 12:48:20 - core.client - INFO - Executing list (attempt 1/3)
2026-02-20 12:48:20 - webdav3.client - DEBUG - Requesting <function Client.list at 0x000002055AA3F600>(('/',), {'get_info': True})
2026-02-20 12:48:20 - urllib3.connectionpool - DEBUG - Starting new HTTPS connection (1): webdav.cloud.mail.ru:443
2026-02-20 12:48:21 - urllib3.connectionpool - DEBUG - https://webdav.cloud.mail.ru:443 "PROPFIND / HTTP/1.1" 207 6406
2026-02-20 12:48:21 - core.client - INFO - Received 16 items from /
2026-02-20 12:48:21 - ui.file_browser - INFO - Loading directory: / (force=True)
2026-02-20 12:48:21 - ui.main_window - INFO - Directory loaded: /
2026-02-20 12:48:21 - core.client - INFO - Executing list (attempt 1/3)
2026-02-20 12:48:21 - webdav3.client - DEBUG - Requesting <function Client.list at 0x000002055AA3F600>(('/',), {'get_info': True})
2026-02-20 12:48:21 - urllib3.connectionpool - DEBUG - https://webdav.cloud.mail.ru:443 "PROPFIND / HTTP/1.1" 207 6406
2026-02-20 12:48:21 - core.client - INFO - Received 16 items from /
2026-02-20 12:48:21 - ui.main_window - INFO - Directory loaded: /
2026-02-20 12:48:24 - ui.main_window - INFO - Opening accounts dialog
2026-02-20 12:48:24 - ui.accounts_dialog - INFO - Loading accounts...
2026-02-20 12:48:24 - core.config - DEBUG - Loading accounts, current type: <class 'dict'>
2026-02-20 12:48:24 - core.config - DEBUG - Accounts is dict with 3 items
2026-02-20 12:48:24 - core.config - DEBUG - Converted to list with 3 items
2026-02-20 12:48:24 - ui.accounts_dialog - INFO - Loaded 3 accounts
2026-02-20 12:48:37 - urllib3.connectionpool - DEBUG - Starting new HTTPS connection (1): webdav.cloud.mail.ru:443
2026-02-20 12:48:37 - urllib3.connectionpool - DEBUG - https://webdav.cloud.mail.ru:443 "PROPFIND / HTTP/1.1" 207 328
2026-02-20 12:49:15 - core.config - INFO - Saving 3 accounts
2026-02-20 12:49:15 - core.config - DEBUG - Added account: Рабочий
2026-02-20 12:49:15 - core.config - DEBUG - Added account: Резервный
2026-02-20 12:49:15 - core.config - DEBUG - Added account: Яндекс рабочий
2026-02-20 12:49:15 - core.config - INFO - Converted to dict with 3 items
2026-02-20 12:49:15 - core.config - DEBUG - Accounts saved to C:\Users\grayg\PycharmProjects\webdav_man_ref\config\accounts.json
2026-02-20 12:49:15 - core.config - DEBUG - Loading accounts, current type: <class 'dict'>
2026-02-20 12:49:15 - core.config - DEBUG - Accounts is dict with 3 items
2026-02-20 12:49:15 - core.config - DEBUG - Converted to list with 3 items
2026-02-20 12:49:15 - core.cache - DEBUG - Cache cleared
2026-02-20 12:49:15 - core.client - INFO - Account set: Рабочий with timeout=30s
2026-02-20 12:49:15 - services.cloud_info - DEBUG - Using cached quota
2026-02-20 12:49:15 - ui.file_browser - INFO - Loading directory: / (force=True)
2026-02-20 12:49:15 - core.client - INFO - Executing list (attempt 1/3)
2026-02-20 12:49:15 - webdav3.client - DEBUG - Requesting <function Client.list at 0x000002055AA3F600>(('/',), {'get_info': True})
2026-02-20 12:49:15 - urllib3.connectionpool - DEBUG - Starting new HTTPS connection (1): webdav.cloud.mail.ru:443
2026-02-20 12:49:16 - urllib3.connectionpool - DEBUG - https://webdav.cloud.mail.ru:443 "PROPFIND / HTTP/1.1" 207 6406
2026-02-20 12:49:16 - core.client - INFO - Received 16 items from /
2026-02-20 12:49:16 - ui.main_window - INFO - Directory loaded: /
2026-02-20 12:49:20 - ui.main_window - INFO - Opening accounts dialog
2026-02-20 12:49:20 - ui.accounts_dialog - INFO - Loading accounts...
2026-02-20 12:49:20 - core.config - DEBUG - Loading accounts, current type: <class 'dict'>
2026-02-20 12:49:20 - core.config - DEBUG - Accounts is dict with 3 items
2026-02-20 12:49:20 - core.config - DEBUG - Converted to list with 3 items
2026-02-20 12:49:20 - ui.accounts_dialog - INFO - Loaded 3 accounts
2026-02-20 12:50:29 - ui.main_window - INFO - Opening accounts dialog
2026-02-20 12:50:29 - ui.accounts_dialog - INFO - Loading accounts...
2026-02-20 12:50:29 - core.config - DEBUG - Loading accounts, current type: <class 'dict'>
2026-02-20 12:50:29 - core.config - DEBUG - Accounts is dict with 3 items
2026-02-20 12:50:29 - core.config - DEBUG - Converted to list with 3 items
2026-02-20 12:50:29 - ui.accounts_dialog - INFO - Loaded 3 accounts
2026-02-20 12:54:09 - __main__ - INFO - Logging initialized. Log file: C:\Users\grayg\PycharmProjects\webdav_man_ref\logs\webdav_manager.log
2026-02-20 12:54:09 - __main__ - INFO - ============================================================
2026-02-20 12:54:09 - __main__ - INFO - Starting WebDAV Manager
2026-02-20 12:54:09 - __main__ - INFO - ============================================================
2026-02-20 12:54:09 - __main__ - INFO - Config directory: C:\Users\grayg\PycharmProjects\webdav_man_ref\config
2026-02-20 12:54:09 - utils.icon_helper - DEBUG - Icon found: C:\Users\grayg\PycharmProjects\webdav_man_ref\icons\app.ico
2026-02-20 12:54:09 - core.config - DEBUG - Config directory: C:\Users\grayg\PycharmProjects\webdav_man_ref\config
2026-02-20 12:54:09 - core.config - DEBUG - Config file: C:\Users\grayg\PycharmProjects\webdav_man_ref\config\settings.json
2026-02-20 12:54:09 - core.config - DEBUG - Accounts file: C:\Users\grayg\PycharmProjects\webdav_man_ref\config\accounts.json
2026-02-20 12:54:09 - core.config - DEBUG - Loaded config from C:\Users\grayg\PycharmProjects\webdav_man_ref\config\settings.json
2026-02-20 12:54:09 - core.config - DEBUG - Accounts file exists: C:\Users\grayg\PycharmProjects\webdav_man_ref\config\accounts.json (size: 1548 bytes)
2026-02-20 12:54:09 - core.config - INFO - Successfully loaded 3 accounts
2026-02-20 12:54:09 - core.config - INFO - Loaded 3 accounts
2026-02-20 12:54:09 - core.config - DEBUG - Account names: ['Рабочий', 'Резервный', 'Яндекс рабочий']
2026-02-20 12:54:09 - core.config - DEBUG - ConfigManager initialized with config dir: C:\Users\grayg\PycharmProjects\webdav_man_ref\config
2026-02-20 12:54:09 - __main__ - INFO - Applied global theme: dark
2026-02-20 12:54:09 - __main__ - INFO - Master key configured: True
2026-02-20 12:54:09 - __main__ - INFO - Showing login dialog
2026-02-20 12:54:16 - ui.login_dialog - INFO - Login successful
2026-02-20 12:54:16 - __main__ - INFO - Login dialog result: 1
2026-02-20 12:54:16 - __main__ - INFO - Login successful
2026-02-20 12:54:16 - __main__ - INFO - Creating main window
2026-02-20 12:54:16 - core.client - INFO - WebDAVClient initialized with cache_ttl=300, cache_size=100
2026-02-20 12:54:16 - utils.icon_helper - DEBUG - Icon found: C:\Users\grayg\PycharmProjects\webdav_man_ref\icons\app.ico
2026-02-20 12:54:16 - utils.icon_helper - DEBUG - Icon found: C:\Users\grayg\PycharmProjects\webdav_man_ref\icons\back.png
2026-02-20 12:54:16 - utils.icon_helper - DEBUG - Icon found: C:\Users\grayg\PycharmProjects\webdav_man_ref\icons\forward.png
2026-02-20 12:54:16 - utils.icon_helper - DEBUG - Icon found: C:\Users\grayg\PycharmProjects\webdav_man_ref\icons\up.png
2026-02-20 12:54:16 - utils.icon_helper - DEBUG - Icon found: C:\Users\grayg\PycharmProjects\webdav_man_ref\icons\home.png
2026-02-20 12:54:16 - utils.icon_helper - DEBUG - Icon found: C:\Users\grayg\PycharmProjects\webdav_man_ref\icons\refresh.png
2026-02-20 12:54:16 - utils.icon_helper - WARNING - Icon not found: lock.png
2026-02-20 12:54:16 - core.config - DEBUG - Loading accounts, current type: <class 'dict'>
2026-02-20 12:54:16 - core.config - DEBUG - Accounts is dict with 3 items
2026-02-20 12:54:16 - core.config - DEBUG - Converted to list with 3 items
2026-02-20 12:54:16 - core.cache - DEBUG - Cache cleared
2026-02-20 12:54:16 - core.client - INFO - Account set: Рабочий with timeout=30s
2026-02-20 12:54:16 - urllib3.connectionpool - DEBUG - Starting new HTTPS connection (1): webdav.cloud.mail.ru:443
2026-02-20 12:54:17 - urllib3.connectionpool - DEBUG - https://webdav.cloud.mail.ru:443 "PROPFIND / HTTP/1.1" 207 356
2026-02-20 12:54:17 - services.cloud_info - INFO - Quota: used=4105295627, available=4484638965, total=8589934592
2026-02-20 12:54:17 - core.cache - DEBUG - Cache cleared
2026-02-20 12:54:17 - core.client - INFO - Account set: Рабочий with timeout=30s
2026-02-20 12:54:17 - services.cloud_info - DEBUG - Using cached quota
2026-02-20 12:54:17 - ui.main_window - DEBUG - Theme applied to file_view: dark
2026-02-20 12:54:17 - __main__ - INFO - Starting event loop
2026-02-20 12:54:17 - ui.file_browser - INFO - Loading directory: / (force=True)
2026-02-20 12:54:17 - core.client - INFO - Executing list (attempt 1/3)
2026-02-20 12:54:17 - webdav3.client - DEBUG - Requesting <function Client.list at 0x00000237EBF7F600>(('/',), {'get_info': True})
2026-02-20 12:54:17 - urllib3.connectionpool - DEBUG - Starting new HTTPS connection (1): webdav.cloud.mail.ru:443
2026-02-20 12:54:17 - urllib3.connectionpool - DEBUG - https://webdav.cloud.mail.ru:443 "PROPFIND / HTTP/1.1" 207 6406
2026-02-20 12:54:17 - core.client - INFO - Received 16 items from /
2026-02-20 12:54:17 - ui.file_browser - INFO - Loading directory: / (force=True)
2026-02-20 12:54:17 - ui.main_window - INFO - Directory loaded: /
2026-02-20 12:54:17 - core.client - INFO - Executing list (attempt 1/3)
2026-02-20 12:54:17 - webdav3.client - DEBUG - Requesting <function Client.list at 0x00000237EBF7F600>(('/',), {'get_info': True})
2026-02-20 12:54:18 - urllib3.connectionpool - DEBUG - https://webdav.cloud.mail.ru:443 "PROPFIND / HTTP/1.1" 207 6406
2026-02-20 12:54:18 - core.client - INFO - Received 16 items from /
2026-02-20 12:54:18 - ui.main_window - INFO - Directory loaded: /
2026-02-20 12:54:21 - ui.main_window - INFO - Opening accounts dialog
2026-02-20 12:54:21 - ui.accounts_dialog - INFO - Loading accounts...
2026-02-20 12:54:21 - core.config - DEBUG - Loading accounts, current type: <class 'dict'>
2026-02-20 12:54:21 - core.config - DEBUG - Accounts is dict with 3 items
2026-02-20 12:54:21 - core.config - DEBUG - Converted to list with 3 items
2026-02-20 12:54:21 - ui.accounts_dialog - INFO - Loaded 3 accounts
2026-02-20 12:54:25 - urllib3.connectionpool - DEBUG - Starting new HTTPS connection (1): webdav.cloud.mail.ru:443
2026-02-20 12:54:25 - urllib3.connectionpool - DEBUG - https://webdav.cloud.mail.ru:443 "PROPFIND / HTTP/1.1" 207 328
2026-02-20 12:54:34 - core.config - INFO - Saving 3 accounts
2026-02-20 12:54:34 - core.config - DEBUG - Added account: Рабочий
2026-02-20 12:54:34 - core.config - DEBUG - Added account: Резервный
2026-02-20 12:54:34 - core.config - DEBUG - Added account: Яндекс рабочий
2026-02-20 12:54:34 - core.config - INFO - Converted to dict with 3 items
2026-02-20 12:54:34 - core.config - DEBUG - Accounts saved to C:\Users\grayg\PycharmProjects\webdav_man_ref\config\accounts.json
2026-02-20 12:54:34 - core.config - DEBUG - Loading accounts, current type: <class 'dict'>
2026-02-20 12:54:34 - core.config - DEBUG - Accounts is dict with 3 items
2026-02-20 12:54:34 - core.config - DEBUG - Converted to list with 3 items
2026-02-20 12:54:34 - core.cache - DEBUG - Cache cleared
2026-02-20 12:54:34 - core.client - INFO - Account set: Рабочий with timeout=30s
2026-02-20 12:54:34 - services.cloud_info - DEBUG - Using cached quota
2026-02-20 12:54:34 - ui.file_browser - INFO - Loading directory: / (force=True)
2026-02-20 12:54:34 - core.client - INFO - Executing list (attempt 1/3)
2026-02-20 12:54:34 - webdav3.client - DEBUG - Requesting <function Client.list at 0x00000237EBF7F600>(('/',), {'get_info': True})
2026-02-20 12:54:34 - urllib3.connectionpool - DEBUG - Starting new HTTPS connection (1): webdav.cloud.mail.ru:443
2026-02-20 12:54:34 - urllib3.connectionpool - DEBUG - https://webdav.cloud.mail.ru:443 "PROPFIND / HTTP/1.1" 207 6406
2026-02-20 12:54:34 - core.client - INFO - Received 16 items from /
2026-02-20 12:54:34 - ui.main_window - INFO - Directory loaded: /
2026-02-20 12:54:36 - core.cache - DEBUG - Cache cleared
2026-02-20 12:54:36 - core.client - INFO - Account set: Резервный with timeout=30s
2026-02-20 12:54:36 - urllib3.connectionpool - DEBUG - Starting new HTTPS connection (1): webdav.cloud.mail.ru:443
2026-02-20 12:54:37 - urllib3.connectionpool - DEBUG - https://webdav.cloud.mail.ru:443 "PROPFIND / HTTP/1.1" 207 355
2026-02-20 12:54:37 - services.cloud_info - INFO - Quota: used=699388840, available=7890545752, total=8589934592
2026-02-20 12:54:37 - ui.file_browser - INFO - Loading directory: / (force=True)
2026-02-20 12:54:37 - core.client - INFO - Executing list (attempt 1/3)
2026-02-20 12:54:37 - webdav3.client - DEBUG - Requesting <function Client.list at 0x00000237EBF7F600>(('/',), {'get_info': True})
2026-02-20 12:54:37 - urllib3.connectionpool - DEBUG - Starting new HTTPS connection (1): webdav.cloud.mail.ru:443
2026-02-20 12:54:37 - urllib3.connectionpool - DEBUG - https://webdav.cloud.mail.ru:443 "PROPFIND / HTTP/1.1" 207 3957
2026-02-20 12:54:37 - core.client - INFO - Received 7 items from /
2026-02-20 12:54:38 - ui.main_window - INFO - Directory loaded: /
2026-02-20 12:54:40 - core.cache - DEBUG - Cache cleared
2026-02-20 12:54:40 - core.client - INFO - Account set: Яндекс рабочий with timeout=30s
2026-02-20 12:54:40 - urllib3.connectionpool - DEBUG - Starting new HTTPS connection (1): webdav.yandex.ru:443
2026-02-20 12:54:41 - urllib3.connectionpool - DEBUG - https://webdav.yandex.ru:443 "PROPFIND / HTTP/1.1" 207 317
2026-02-20 12:54:41 - services.cloud_info - INFO - Quota: used=342504048, available=10394914192, total=10737418240
2026-02-20 12:54:41 - ui.file_browser - INFO - Loading directory: / (force=True)
2026-02-20 12:54:41 - core.client - INFO - Executing list (attempt 1/3)
2026-02-20 12:54:41 - webdav3.client - DEBUG - Requesting <function Client.list at 0x00000237EBF7F600>(('/',), {'get_info': True})
2026-02-20 12:54:41 - urllib3.connectionpool - DEBUG - Starting new HTTPS connection (1): webdav.yandex.ru:443
2026-02-20 12:54:42 - urllib3.connectionpool - DEBUG - https://webdav.yandex.ru:443 "PROPFIND / HTTP/1.1" 207 None
2026-02-20 12:54:42 - core.client - INFO - Received 76 items from /
2026-02-20 12:54:42 - ui.main_window - INFO - Directory loaded: /
2026-02-20 12:54:48 - core.client - INFO - All operations cancelled
2026-02-20 12:54:49 - __main__ - INFO - Application exited with code 0
2026-02-20 12:54:49 - __main__ - INFO - ============================================================
2026-02-20 12:54:54 - __main__ - INFO - Logging initialized. Log file: C:\Users\grayg\PycharmProjects\webdav_man_ref\logs\webdav_manager.log
2026-02-20 12:54:54 - __main__ - INFO - ============================================================
2026-02-20 12:54:54 - __main__ - INFO - Starting WebDAV Manager
2026-02-20 12:54:54 - __main__ - INFO - ============================================================
2026-02-20 12:54:54 - __main__ - INFO - Config directory: C:\Users\grayg\PycharmProjects\webdav_man_ref\config
2026-02-20 12:54:54 - utils.icon_helper - DEBUG - Icon found: C:\Users\grayg\PycharmProjects\webdav_man_ref\icons\app.ico
2026-02-20 12:54:54 - core.config - DEBUG - Config directory: C:\Users\grayg\PycharmProjects\webdav_man_ref\config
2026-02-20 12:54:54 - core.config - DEBUG - Config file: C:\Users\grayg\PycharmProjects\webdav_man_ref\config\settings.json
2026-02-20 12:54:54 - core.config - DEBUG - Accounts file: C:\Users\grayg\PycharmProjects\webdav_man_ref\config\accounts.json
2026-02-20 12:54:54 - core.config - DEBUG - Loaded config from C:\Users\grayg\PycharmProjects\webdav_man_ref\config\settings.json
2026-02-20 12:54:54 - core.config - DEBUG - Accounts file exists: C:\Users\grayg\PycharmProjects\webdav_man_ref\config\accounts.json (size: 1548 bytes)
2026-02-20 12:54:54 - core.config - INFO - Successfully loaded 3 accounts
2026-02-20 12:54:54 - core.config - INFO - Loaded 3 accounts
2026-02-20 12:54:54 - core.config - DEBUG - Account names: ['Рабочий', 'Резервный', 'Яндекс рабочий']
2026-02-20 12:54:54 - core.config - DEBUG - ConfigManager initialized with config dir: C:\Users\grayg\PycharmProjects\webdav_man_ref\config
2026-02-20 12:54:54 - __main__ - INFO - Applied global theme: dark
2026-02-20 12:54:54 - __main__ - INFO - Master key configured: True
2026-02-20 12:54:54 - __main__ - INFO - Showing login dialog
2026-02-20 12:55:01 - ui.login_dialog - INFO - Login successful
2026-02-20 12:55:01 - __main__ - INFO - Login dialog result: 1
2026-02-20 12:55:01 - __main__ - INFO - Login successful
2026-02-20 12:55:02 - __main__ - INFO - Creating main window
2026-02-20 12:55:02 - core.client - INFO - WebDAVClient initialized with cache_ttl=300, cache_size=100
2026-02-20 12:55:02 - utils.icon_helper - DEBUG - Icon found: C:\Users\grayg\PycharmProjects\webdav_man_ref\icons\app.ico
2026-02-20 12:55:02 - utils.icon_helper - DEBUG - Icon found: C:\Users\grayg\PycharmProjects\webdav_man_ref\icons\back.png
2026-02-20 12:55:02 - utils.icon_helper - DEBUG - Icon found: C:\Users\grayg\PycharmProjects\webdav_man_ref\icons\forward.png
2026-02-20 12:55:02 - utils.icon_helper - DEBUG - Icon found: C:\Users\grayg\PycharmProjects\webdav_man_ref\icons\up.png
2026-02-20 12:55:02 - utils.icon_helper - DEBUG - Icon found: C:\Users\grayg\PycharmProjects\webdav_man_ref\icons\home.png
2026-02-20 12:55:02 - utils.icon_helper - DEBUG - Icon found: C:\Users\grayg\PycharmProjects\webdav_man_ref\icons\refresh.png
2026-02-20 12:55:02 - utils.icon_helper - WARNING - Icon not found: lock.png
2026-02-20 12:55:02 - core.config - DEBUG - Loading accounts, current type: <class 'dict'>
2026-02-20 12:55:02 - core.config - DEBUG - Accounts is dict with 3 items
2026-02-20 12:55:02 - core.config - DEBUG - Converted to list with 3 items
2026-02-20 12:55:02 - core.cache - DEBUG - Cache cleared
2026-02-20 12:55:02 - core.client - INFO - Account set: Рабочий with timeout=30s
2026-02-20 12:55:02 - urllib3.connectionpool - DEBUG - Starting new HTTPS connection (1): webdav.cloud.mail.ru:443
2026-02-20 12:55:14 - __main__ - INFO - Logging initialized. Log file: C:\Users\grayg\PycharmProjects\webdav_man_ref\logs\webdav_manager.log
2026-02-20 12:55:14 - __main__ - INFO - ============================================================
2026-02-20 12:55:14 - __main__ - INFO - Starting WebDAV Manager
2026-02-20 12:55:14 - __main__ - INFO - ============================================================
2026-02-20 12:55:14 - __main__ - INFO - Config directory: C:\Users\grayg\PycharmProjects\webdav_man_ref\config
2026-02-20 12:55:14 - utils.icon_helper - DEBUG - Icon found: C:\Users\grayg\PycharmProjects\webdav_man_ref\icons\app.ico
2026-02-20 12:55:14 - core.config - DEBUG - Config directory: C:\Users\grayg\PycharmProjects\webdav_man_ref\config
2026-02-20 12:55:14 - core.config - DEBUG - Config file: C:\Users\grayg\PycharmProjects\webdav_man_ref\config\settings.json
2026-02-20 12:55:14 - core.config - DEBUG - Accounts file: C:\Users\grayg\PycharmProjects\webdav_man_ref\config\accounts.json
2026-02-20 12:55:14 - core.config - DEBUG - Loaded config from C:\Users\grayg\PycharmProjects\webdav_man_ref\config\settings.json
2026-02-20 12:55:14 - core.config - DEBUG - Accounts file exists: C:\Users\grayg\PycharmProjects\webdav_man_ref\config\accounts.json (size: 1548 bytes)
2026-02-20 12:55:14 - core.config - INFO - Successfully loaded 3 accounts
2026-02-20 12:55:14 - core.config - INFO - Loaded 3 accounts
2026-02-20 12:55:14 - core.config - DEBUG - Account names: ['Рабочий', 'Резервный', 'Яндекс рабочий']
2026-02-20 12:55:14 - core.config - DEBUG - ConfigManager initialized with config dir: C:\Users\grayg\PycharmProjects\webdav_man_ref\config
2026-02-20 12:55:14 - __main__ - INFO - Applied global theme: dark
2026-02-20 12:55:14 - __main__ - INFO - Master key configured: True
2026-02-20 12:55:14 - __main__ - INFO - Showing login dialog
2026-02-20 12:55:23 - ui.login_dialog - INFO - Login successful
2026-02-20 12:55:23 - __main__ - INFO - Login dialog result: 1
2026-02-20 12:55:23 - __main__ - INFO - Login successful
2026-02-20 12:55:23 - __main__ - INFO - Creating main window
2026-02-20 12:55:23 - core.client - INFO - WebDAVClient initialized with cache_ttl=300, cache_size=100
2026-02-20 12:55:23 - utils.icon_helper - DEBUG - Icon found: C:\Users\grayg\PycharmProjects\webdav_man_ref\icons\app.ico
2026-02-20 12:55:23 - utils.icon_helper - DEBUG - Icon found: C:\Users\grayg\PycharmProjects\webdav_man_ref\icons\back.png
2026-02-20 12:55:23 - utils.icon_helper - DEBUG - Icon found: C:\Users\grayg\PycharmProjects\webdav_man_ref\icons\forward.png
2026-02-20 12:55:23 - utils.icon_helper - DEBUG - Icon found: C:\Users\grayg\PycharmProjects\webdav_man_ref\icons\up.png
2026-02-20 12:55:23 - utils.icon_helper - DEBUG - Icon found: C:\Users\grayg\PycharmProjects\webdav_man_ref\icons\home.png
2026-02-20 12:55:23 - utils.icon_helper - DEBUG - Icon found: C:\Users\grayg\PycharmProjects\webdav_man_ref\icons\refresh.png
2026-02-20 12:55:23 - utils.icon_helper - WARNING - Icon not found: lock.png
2026-02-20 12:55:23 - core.config - DEBUG - Loading accounts, current type: <class 'dict'>
2026-02-20 12:55:23 - core.config - DEBUG - Accounts is dict with 3 items
2026-02-20 12:55:23 - core.config - DEBUG - Converted to list with 3 items
2026-02-20 12:55:23 - core.cache - DEBUG - Cache cleared
2026-02-20 12:55:23 - core.client - INFO - Account set: Рабочий with timeout=30s
2026-02-20 12:55:23 - urllib3.connectionpool - DEBUG - Starting new HTTPS connection (1): webdav.cloud.mail.ru:443
2026-02-20 12:55:23 - urllib3.connectionpool - DEBUG - https://webdav.cloud.mail.ru:443 "PROPFIND / HTTP/1.1" 207 356
2026-02-20 12:55:23 - services.cloud_info - INFO - Quota: used=4105295627, available=4484638965, total=8589934592
2026-02-20 12:55:23 - core.cache - DEBUG - Cache cleared
2026-02-20 12:55:23 - core.client - INFO - Account set: Рабочий with timeout=30s
2026-02-20 12:55:23 - services.cloud_info - DEBUG - Using cached quota
2026-02-20 12:55:23 - ui.main_window - DEBUG - Theme applied to file_view: dark
2026-02-20 12:55:24 - __main__ - INFO - Starting event loop
2026-02-20 12:55:24 - ui.file_browser - INFO - Loading directory: / (force=True)
2026-02-20 12:55:24 - core.client - INFO - Executing list (attempt 1/3)
2026-02-20 12:55:24 - webdav3.client - DEBUG - Requesting <function Client.list at 0x0000020CF2C5F600>(('/',), {'get_info': True})
2026-02-20 12:55:24 - urllib3.connectionpool - DEBUG - Starting new HTTPS connection (1): webdav.cloud.mail.ru:443
2026-02-20 12:55:25 - urllib3.connectionpool - DEBUG - https://webdav.cloud.mail.ru:443 "PROPFIND / HTTP/1.1" 207 6406
2026-02-20 12:55:25 - core.client - INFO - Received 16 items from /
2026-02-20 12:55:25 - ui.file_browser - INFO - Loading directory: / (force=True)
2026-02-20 12:55:25 - ui.main_window - INFO - Directory loaded: /
2026-02-20 12:55:25 - core.client - INFO - Executing list (attempt 1/3)
2026-02-20 12:55:25 - webdav3.client - DEBUG - Requesting <function Client.list at 0x0000020CF2C5F600>(('/',), {'get_info': True})
2026-02-20 12:55:25 - urllib3.connectionpool - DEBUG - https://webdav.cloud.mail.ru:443 "PROPFIND / HTTP/1.1" 207 6406
2026-02-20 12:55:25 - core.client - INFO - Received 16 items from /
2026-02-20 12:55:25 - ui.main_window - INFO - Directory loaded: /
2026-02-20 12:55:29 - ui.main_window - INFO - Opening accounts dialog
2026-02-20 12:55:29 - ui.accounts_dialog - INFO - Loading accounts...
2026-02-20 12:55:29 - core.config - DEBUG - Loading accounts, current type: <class 'dict'>
2026-02-20 12:55:29 - core.config - DEBUG - Accounts is dict with 3 items
2026-02-20 12:55:29 - core.config - DEBUG - Converted to list with 3 items
2026-02-20 12:55:29 - ui.accounts_dialog - INFO - Loaded 3 accounts
2026-02-20 12:55:38 - core.config - INFO - Saving 3 accounts
2026-02-20 12:55:38 - core.config - DEBUG - Added account: Рабочий
2026-02-20 12:55:38 - core.config - DEBUG - Added account: Резервный
2026-02-20 12:55:38 - core.config - DEBUG - Added account: Яндекс рабочий
2026-02-20 12:55:38 - core.config - INFO - Converted to dict with 3 items
2026-02-20 12:55:38 - core.config - DEBUG - Accounts saved to C:\Users\grayg\PycharmProjects\webdav_man_ref\config\accounts.json
2026-02-20 12:55:38 - core.config - DEBUG - Loading accounts, current type: <class 'dict'>
2026-02-20 12:55:38 - core.config - DEBUG - Accounts is dict with 3 items
2026-02-20 12:55:38 - core.config - DEBUG - Converted to list with 3 items
2026-02-20 12:55:38 - core.cache - DEBUG - Cache cleared
2026-02-20 12:55:38 - core.client - INFO - Account set: Рабочий with timeout=30s
2026-02-20 12:55:38 - services.cloud_info - DEBUG - Using cached quota
2026-02-20 12:55:38 - ui.file_browser - INFO - Loading directory: / (force=True)
2026-02-20 12:55:38 - core.client - INFO - Executing list (attempt 1/3)
2026-02-20 12:55:38 - webdav3.client - DEBUG - Requesting <function Client.list at 0x0000020CF2C5F600>(('/',), {'get_info': True})
2026-02-20 12:55:38 - urllib3.connectionpool - DEBUG - Starting new HTTPS connection (1): webdav.cloud.mail.ru:443
2026-02-20 12:55:39 - urllib3.connectionpool - DEBUG - https://webdav.cloud.mail.ru:443 "PROPFIND / HTTP/1.1" 207 6406
2026-02-20 12:55:39 - core.client - INFO - Received 16 items from /
2026-02-20 12:55:39 - ui.main_window - INFO - Directory loaded: /
2026-02-20 13:14:26 - core.client - INFO - All operations cancelled
2026-02-20 13:14:27 - __main__ - INFO - Application exited with code 0
2026-02-20 13:14:27 - __main__ - INFO - ============================================================
